
> wael-chatoui@0.1.0 dev
> next dev

   ▲ Next.js 16.0.1 (Turbopack)
   - Local:        http://localhost:3000
   - Network:      http://10.81.93.8:3000

 ✓ Starting...
 ✓ Ready in 917ms
 ○ Compiling / ...
 GET / 200 in 3.8s (compile: 3.5s, render: 259ms)
 ⚠ Cross origin request detected from 127.0.0.1 to /_next/* resource. In a future major version of Next.js, you will need to explicitly configure "allowedDevOrigins" in next.config to allow this.
Read more: https://nextjs.org/docs/app/api-reference/config/next-config-js/allowedDevOrigins
 GET /expertise 404 in 914ms (compile: 833ms, render: 81ms)
 GET /expertise 404 in 111ms (compile: 9ms, render: 102ms)
 GET / 200 in 56ms (compile: 5ms, render: 51ms)
 GET / 200 in 152ms (compile: 15ms, render: 137ms)
 GET / 200 in 114ms (compile: 10ms, render: 104ms)
 ✓ Compiled in 205ms
 ✓ Compiled in 77ms
 GET / 200 in 356ms (compile: 88ms, render: 268ms)
 ✓ Compiled in 120ms
 GET / 200 in 171ms (compile: 14ms, render: 158ms)
 ✓ Compiled in 43ms
 GET / 200 in 410ms (compile: 121ms, render: 289ms)
 GET / 200 in 144ms (compile: 13ms, render: 131ms)
 GET / 200 in 187ms (compile: 17ms, render: 170ms)
[?25h
