
> wael-chatoui@0.1.0 dev
> next dev

   ▲ Next.js 16.0.1 (Turbopack)
   - Local:        http://localhost:3000
   - Network:      http://10.81.93.8:3000
   - Environments: .env.local

 ✓ Starting...
 ✓ Ready in 1191ms
 ○ Compiling /expertise ...
 GET /expertise 200 in 3.8s (compile: 3.5s, render: 292ms)
 ⚠ Cross origin request detected from 127.0.0.1 to /_next/* resource. In a future major version of Next.js, you will need to explicitly configure "allowedDevOrigins" in next.config to allow this.
Read more: https://nextjs.org/docs/app/api-reference/config/next-config-js/allowedDevOrigins
 GET /api/experiences 200 in 1170ms (compile: 826ms, render: 344ms)
 GET /api/projects 200 in 1324ms (compile: 855ms, render: 469ms)
 GET /api/hackathons 200 in 1337ms (compile: 767ms, render: 570ms)
 GET / 200 in 944ms (compile: 840ms, render: 105ms)
 GET /services 200 in 1726ms (compile: 1631ms, render: 95ms)
 GET /expertise 200 in 138ms (compile: 16ms, render: 123ms)
 GET /api/experiences 200 in 180ms (compile: 7ms, render: 173ms)
 GET /api/hackathons 200 in 304ms (compile: 29ms, render: 275ms)
 GET /api/projects 200 in 317ms (compile: 19ms, render: 298ms)
 GET / 200 in 46ms (compile: 6ms, render: 40ms)
 GET /services 200 in 27ms (compile: 8ms, render: 20ms)

-----
[1m[31mFATAL[39m[0m: An unexpected Turbopack error occurred. A panic log has been written to /tmp/next-panic-29082fe16e2cd01a510d96dcf38807e.log.

To help make Turbopack better, report this error by clicking here: https://github.com/vercel/next.js/discussions/new?category=turbopack-error-report&title=Turbopack%20Error%3A%20Next.js%20package%20not%20found&body=Turbopack%20version%3A%20%60142b08bf%60%0ANext.js%20version%3A%20%600.0.0%60%0A%0AError%20message%3A%0A%60%60%60%0ATurbopack%20Error%3A%20Next.js%20package%20not%20found%0A%60%60%60&labels=Turbopack,Turbopack%20Panic%20Backtrace
-----

Error: Turbopack build failed with 1 errors:
./app
Error: Next.js inferred your workspace root, but it may not be correct.
    We couldn't find the Next.js package (next/package.json) from the project directory: /home/wael/dev/wael-chatoui/app
     To fix this, set turbopack.root in your Next.js config, or ensure the Next.js package is resolvable from this directory.
    Note: For security and performance reasons, files outside of the project directory will not be compiled.
    See https://nextjs.org/docs/app/api-reference/config/next-config-js/turbopack#root-directory for more information.

    at ignore-listed frames
 ⚠ Installing TypeScript as it was not found while loading "next.config.ts".

Installing devDependencies (pnpm):
- typescript

 WARN  Moving @tailwindcss/postcss that was installed by a different package manager to "node_modules/.ignored"
 WARN  Moving @types/node that was installed by a different package manager to "node_modules/.ignored"
 WARN  Moving @types/react-dom that was installed by a different package manager to "node_modules/.ignored"
 WARN  Moving eslint that was installed by a different package manager to "node_modules/.ignored"
 WARN  Moving eslint-config-next that was installed by a different package manager to "node_modules/.ignored"
 WARN  Moving tailwindcss that was installed by a different package manager to "node_modules/.ignored"
 WARN  Moving @types/react that was installed by a different package manager to "node_modules/.ignored"
 WARN  Moving typescript that was installed by a different package manager to "node_modules/.ignored"
 WARN  Moving @iconify/react that was installed by a different package manager to "node_modules/.ignored"
 WARN  Moving @phosphor-icons/react that was installed by a different package manager to "node_modules/.ignored"
 WARN  Moving @radix-ui/react-icons that was installed by a different package manager to "node_modules/.ignored"
 WARN  Moving @supabase/ssr that was installed by a different package manager to "node_modules/.ignored"
 WARN  Moving @supabase/supabase-js that was installed by a different package manager to "node_modules/.ignored"
 WARN  Moving framer-motion that was installed by a different package manager to "node_modules/.ignored"
 WARN  Moving next that was installed by a different package manager to "node_modules/.ignored"
 WARN  Moving react that was installed by a different package manager to "node_modules/.ignored"
 WARN  Moving react-dom that was installed by a different package manager to "node_modules/.ignored"

   ╭──────────────────────────────────────────╮
   │                                          │
   │   Update available! 10.12.1 → 10.20.0.   │
   │   Changelog: https://pnpm.io/v/10.20.0   │
   │     To update, run: pnpm add -g pnpm     │
   │                                          │
   ╰──────────────────────────────────────────╯

Progress: resolved 0, reused 1, downloaded 0, added 0
Progress: resolved 99, reused 91, downloaded 0, added 0
Progress: resolved 439, reused 379, downloaded 0, added 0
Already up to date
Progress: resolved 439, reused 379, downloaded 0, added 0, done

dependencies:
+ @iconify/react 6.0.2
+ @phosphor-icons/react 2.1.10
+ @radix-ui/react-icons 1.3.2
+ @supabase/ssr 0.7.0
+ @supabase/supabase-js 2.80.0
+ framer-motion 12.23.24
+ next 16.0.1
+ react 19.2.0
+ react-dom 19.2.0

devDependencies:
+ @tailwindcss/postcss 4.1.16
+ @types/node 20.19.24
+ @types/react 19.2.2
+ @types/react-dom 19.2.2
+ eslint 9.39.0
+ eslint-config-next 16.0.1
+ tailwindcss 4.1.16
+ typescript 5.9.3

Done in 4.4s using pnpm v10.12.1

[?25h
