
> wael-chatoui@0.1.0 dev /home/wael/dev/wael-chatoui
> next dev

 ⚠ Port 3000 is in use by an unknown process, using available port 3001 instead.
   ▲ Next.js 16.0.1 (Turbopack)
   - Local:        http://localhost:3001
   - Network:      http://10.81.93.8:3001

 ✓ Starting...
 ✓ Ready in 1339ms
 ○ Compiling / ...
 GET / 200 in 4.5s (compile: 4.0s, render: 480ms)
 GET /expertise 200 in 2.5s (compile: 2.3s, render: 193ms)
API error: Error: Your project's URL and Key are required to create a Supabase client!

Check your Supabase project's API settings to find these values

https://supabase.com/dashboard/project/_/settings/api
    at <unknown> (https://supabase.com/dashboard/project/_/settings/api)
    at createClient (utils/supabase/server.ts:9:28)
    at GET (app/api/projects/route.ts:91:34)
   7 |
   8 | export const createClient = (cookieStore: ReturnType<typeof cookies>) => {
>  9 |   return createServerClient(
     |                            ^
  10 |     supabaseUrl!,
  11 |     supabaseKey!,
  12 |     {
 GET /api/projects 500 in 1773ms (compile: 1463ms, render: 311ms)
API error: Error: Your project's URL and Key are required to create a Supabase client!

Check your Supabase project's API settings to find these values

https://supabase.com/dashboard/project/_/settings/api
    at <unknown> (https://supabase.com/dashboard/project/_/settings/api)
    at createClient (utils/supabase/server.ts:9:28)
    at GET (app/api/hackathons/route.ts:101:34)
   7 |
   8 | export const createClient = (cookieStore: ReturnType<typeof cookies>) => {
>  9 |   return createServerClient(
     |                            ^
  10 |     supabaseUrl!,
  11 |     supabaseKey!,
  12 |     {
 GET /api/hackathons 500 in 1992ms (compile: 1827ms, render: 165ms)
API error: Error: Your project's URL and Key are required to create a Supabase client!

Check your Supabase project's API settings to find these values

https://supabase.com/dashboard/project/_/settings/api
    at <unknown> (https://supabase.com/dashboard/project/_/settings/api)
    at createClient (utils/supabase/server.ts:9:28)
    at GET (app/api/experiences/route.ts:97:34)
   7 |
   8 | export const createClient = (cookieStore: ReturnType<typeof cookies>) => {
>  9 |   return createServerClient(
     |                            ^
  10 |     supabaseUrl!,
  11 |     supabaseKey!,
  12 |     {
 GET /api/experiences 500 in 2.2s (compile: 2.1s, render: 172ms)
API error: Error: Your project's URL and Key are required to create a Supabase client!

Check your Supabase project's API settings to find these values

https://supabase.com/dashboard/project/_/settings/api
    at <unknown> (https://supabase.com/dashboard/project/_/settings/api)
    at createClient (utils/supabase/server.ts:9:28)
    at GET (app/api/projects/route.ts:91:34)
   7 |
   8 | export const createClient = (cookieStore: ReturnType<typeof cookies>) => {
>  9 |   return createServerClient(
     |                            ^
  10 |     supabaseUrl!,
  11 |     supabaseKey!,
  12 |     {
 GET /api/projects 500 in 149ms (compile: 10ms, render: 140ms)
API error: Error: Your project's URL and Key are required to create a Supabase client!

Check your Supabase project's API settings to find these values

https://supabase.com/dashboard/project/_/settings/api
    at <unknown> (https://supabase.com/dashboard/project/_/settings/api)
    at createClient (utils/supabase/server.ts:9:28)
    at GET (app/api/hackathons/route.ts:101:34)
   7 |
   8 | export const createClient = (cookieStore: ReturnType<typeof cookies>) => {
>  9 |   return createServerClient(
     |                            ^
  10 |     supabaseUrl!,
  11 |     supabaseKey!,
  12 |     {
 GET /api/hackathons 500 in 322ms (compile: 153ms, render: 170ms)
API error: Error: Your project's URL and Key are required to create a Supabase client!

Check your Supabase project's API settings to find these values

https://supabase.com/dashboard/project/_/settings/api
    at <unknown> (https://supabase.com/dashboard/project/_/settings/api)
    at createClient (utils/supabase/server.ts:9:28)
    at GET (app/api/experiences/route.ts:97:34)
   7 |
   8 | export const createClient = (cookieStore: ReturnType<typeof cookies>) => {
>  9 |   return createServerClient(
     |                            ^
  10 |     supabaseUrl!,
  11 |     supabaseKey!,
  12 |     {
 GET /api/experiences 500 in 163ms (compile: 14ms, render: 150ms)
 GET /skills 200 in 1507ms (compile: 1401ms, render: 106ms)
 GET /services 200 in 1897ms (compile: 1744ms, render: 154ms)
 GET / 200 in 49ms (compile: 10ms, render: 40ms)
 GET /admin 200 in 1655ms (compile: 1221ms, proxy.ts: 95ms, render: 340ms)
 GET /admin/skills 200 in 1495ms (compile: 1363ms, proxy.ts: 20ms, render: 113ms)
 GET / 200 in 59ms (compile: 4ms, render: 55ms)
 GET /expertise 200 in 68ms (compile: 6ms, render: 62ms)
 GET /skills 200 in 98ms (compile: 3ms, render: 95ms)
 GET /services 200 in 100ms (compile: 6ms, render: 94ms)
 GET /admin 200 in 66ms (compile: 2ms, proxy.ts: 7ms, render: 56ms)
 GET /admin/skills 200 in 75ms (compile: 8ms, proxy.ts: 6ms, render: 62ms)
 ✓ Compiled in 52ms
 ✓ Compiled in 34ms
 GET /admin/skills 200 in 388ms (compile: 137ms, proxy.ts: 7ms, render: 245ms)
 GET /admin/projects 200 in 768ms (compile: 663ms, proxy.ts: 8ms, render: 97ms)
 GET /admin/hackathons 200 in 844ms (compile: 739ms, proxy.ts: 8ms, render: 97ms)
 GET /admin/experiences 200 in 716ms (compile: 629ms, proxy.ts: 6ms, render: 81ms)
[?25h
