
> wael-chatoui@0.1.0 dev
> next dev

   ▲ Next.js 16.0.1 (Turbopack)
   - Local:        http://localhost:3000
   - Network:      http://10.58.67.36:3000
   - Environments: .env.local

 ✓ Starting...
 ✓ Ready in 1309ms
 ○ Compiling /expertise ...
 GET /expertise 200 in 5.0s (compile: 4.5s, render: 484ms)
 GET /api/experiences 200 in 2.7s (compile: 1652ms, render: 1063ms)
 GET /api/hackathons 200 in 3.0s (compile: 1938ms, render: 1030ms)
 GET /api/projects 200 in 3.0s (compile: 1793ms, render: 1187ms)
 ✓ Compiled in 67ms
 ✓ Compiled in 49ms
 ✓ Compiled in 46ms
 GET /expertise 200 in 402ms (compile: 123ms, render: 279ms)
 GET /api/experiences 200 in 482ms (compile: 6ms, render: 476ms)
 GET /api/hackathons 200 in 742ms (compile: 6ms, render: 736ms)
 GET /api/projects 200 in 785ms (compile: 14ms, render: 771ms)
 GET / 200 in 1753ms (compile: 1556ms, render: 197ms)
 ⚠ Cross origin request detected from 127.0.0.1 to /_next/* resource. In a future major version of Next.js, you will need to explicitly configure "allowedDevOrigins" in next.config to allow this.
Read more: https://nextjs.org/docs/app/api-reference/config/next-config-js/allowedDevOrigins
 GET /expertise 200 in 79ms (compile: 12ms, render: 66ms)
 GET /api/experiences 200 in 261ms (compile: 38ms, render: 223ms)
 GET /api/experiences 200 in 80ms (compile: 7ms, render: 74ms)
 GET /api/projects 200 in 430ms (compile: 59ms, render: 371ms)
 GET /api/hackathons 200 in 466ms (compile: 93ms, render: 374ms)
 GET /api/projects 200 in 160ms (compile: 5ms, render: 155ms)
 GET /api/hackathons 200 in 147ms (compile: 10ms, render: 137ms)
 GET /expertise 200 in 79ms (compile: 7ms, render: 72ms)
 GET /api/experiences 200 in 187ms (compile: 6ms, render: 181ms)
 GET /api/hackathons 200 in 272ms (compile: 21ms, render: 251ms)
 GET /api/projects 200 in 281ms (compile: 15ms, render: 266ms)
[?25h
